<?xml version="1.0" encoding="UTF-8"?>
<testng-results ignored="0" total="1" passed="1"
	failed="0" skipped="0">
	<reporter-output>
	</reporter-output>
	<suite started-at="2023-04-07T11:43:38 IST" name="Default suite"
		finished-at="2023-04-07T11:43:44 IST" duration-ms="5858">
		<groups>
		</groups>
		<test started-at="2023-04-07T11:43:38 IST" name="Default test"
			finished-at="2023-04-07T11:43:44 IST" duration-ms="5858">
			<class name="script.PropertyFile">
				<test-method
					signature="configReader()[pri:0, instance:script.PropertyFile@3e78b6a5]"
					started-at="2023-04-07T11:43:38 IST" name="configReader"
					finished-at="2023-04-07T11:43:44 IST" duration-ms="5750"
					status="PASS">
					<reporter-output>
					</reporter-output>
				</test-method> <!-- configReader -->
			</class> <!-- script.PropertyFile -->
		</test> <!-- Default test -->
	</suite> <!-- Default suite -->
</testng-results>
